<?xml version="1.0" encoding="utf-8"?><testsuites name="pytest tests"><testsuite name="pytest" errors="0" failures="3" skipped="1" tests="9" time="2.261" timestamp="2026-02-09T18:56:05.885903+00:00" hostname="agent-env-eea1e013-9d16-4be4-aaa1-e6d9569141fc"><testcase classname="backend.tests.test_singularity_api.TestHealth" name="test_health_endpoint" time="0.069" /><testcase classname="backend.tests.test_singularity_api.TestAuth" name="test_01_register_new_user" time="1.323"><failure message="AssertionError: Auth/me check failed after registration&#10;assert 401 == 200&#10; +  where 401 = &lt;Response [401]&gt;.status_code">backend/tests/test_singularity_api.py:79: in test_01_register_new_user
    assert me_response.status_code == 200, f"Auth/me check failed after registration"
E   AssertionError: Auth/me check failed after registration
E   assert 401 == 200
E    +  where 401 = &lt;Response [401]&gt;.status_code</failure></testcase><testcase classname="backend.tests.test_singularity_api.TestAuth" name="test_02_login_existing_user" time="0.223"><failure message="AssertionError: Login failed: 401 - {&quot;detail&quot;:&quot;Email not confirmed&quot;}&#10;assert 401 == 200&#10; +  where 401 = &lt;Response [401]&gt;.status_code">backend/tests/test_singularity_api.py:91: in test_02_login_existing_user
    assert response.status_code == 200, f"Login failed: {response.status_code} - {response.text}"
E   AssertionError: Login failed: 401 - {"detail":"Email not confirmed"}
E   assert 401 == 200
E    +  where 401 = &lt;Response [401]&gt;.status_code</failure></testcase><testcase classname="backend.tests.test_singularity_api.TestAuth" name="test_03_login_invalid_credentials" time="0.211" /><testcase classname="backend.tests.test_singularity_api.TestCrypto" name="test_get_crypto_prices" time="0.226" /><testcase classname="backend.tests.test_singularity_api.TestTransfer" name="test_get_supported_currencies" time="0.036" /><testcase classname="backend.tests.test_singularity_api.TestWallet" name="test_get_wallet_balance" time="0.001"><skipped type="pytest.skip" message="No auth token available, skipping wallet test">/app/backend/tests/test_singularity_api.py:164: No auth token available, skipping wallet test</skipped></testcase><testcase classname="backend.tests.test_singularity_api.TestWallet" name="test_get_wallet_packages" time="0.038"><failure message="AssertionError: Wallet packages failed: 404&#10;assert 404 == 200&#10; +  where 404 = &lt;Response [404]&gt;.status_code">backend/tests/test_singularity_api.py:186: in test_get_wallet_packages
    assert response.status_code == 200, f"Wallet packages failed: {response.status_code}"
E   AssertionError: Wallet packages failed: 404
E   assert 404 == 200
E    +  where 404 = &lt;Response [404]&gt;.status_code</failure></testcase><testcase classname="backend.tests.test_singularity_api.TestBotAPI" name="test_bot_chat_requires_auth" time="0.037" /></testsuite></testsuites>