<?xml version="1.0" encoding="utf-8"?><testsuites name="pytest tests"><testsuite name="pytest" errors="0" failures="0" skipped="12" tests="17" time="0.882" timestamp="2026-02-09T18:57:36.539212+00:00" hostname="agent-env-eea1e013-9d16-4be4-aaa1-e6d9569141fc"><testcase classname="backend.tests.test_singularity_api_v2.TestHealth" name="test_health_endpoint" time="0.070" /><testcase classname="backend.tests.test_singularity_api_v2.TestCrypto" name="test_get_crypto_prices" time="0.137" /><testcase classname="backend.tests.test_singularity_api_v2.TestTransfer" name="test_get_supported_currencies" time="0.038" /><testcase classname="backend.tests.test_singularity_api_v2.TestAuth" name="test_01_register_new_user" time="0.395"><skipped type="pytest.skip" message="Supabase rate limit exceeded">/app/backend/tests/test_singularity_api_v2.py:116: Supabase rate limit exceeded</skipped></testcase><testcase classname="backend.tests.test_singularity_api_v2.TestAuth" name="test_02_login_existing_user" time="0.110" /><testcase classname="backend.tests.test_singularity_api_v2.TestAuthenticatedEndpoints" name="test_wallet_balance" time="0.001"><skipped type="pytest.skip" message="No auth token available">/app/backend/tests/test_singularity_api_v2.py:149: No auth token available</skipped></testcase><testcase classname="backend.tests.test_singularity_api_v2.TestAuthenticatedEndpoints" name="test_otp_send" time="0.008"><skipped type="pytest.skip" message="No auth token available">/app/backend/tests/test_singularity_api_v2.py:165: No auth token available</skipped></testcase><testcase classname="backend.tests.test_singularity_api_v2.TestAuthenticatedEndpoints" name="test_otp_verify" time="0.000"><skipped type="pytest.skip" message="No auth token available">/app/backend/tests/test_singularity_api_v2.py:184: No auth token available</skipped></testcase><testcase classname="backend.tests.test_singularity_api_v2.TestAuthenticatedEndpoints" name="test_get_settings" time="0.000"><skipped type="pytest.skip" message="No auth token available">/app/backend/tests/test_singularity_api_v2.py:208: No auth token available</skipped></testcase><testcase classname="backend.tests.test_singularity_api_v2.TestAuthenticatedEndpoints" name="test_update_settings" time="0.000"><skipped type="pytest.skip" message="No auth token available">/app/backend/tests/test_singularity_api_v2.py:227: No auth token available</skipped></testcase><testcase classname="backend.tests.test_singularity_api_v2.TestAuthenticatedEndpoints" name="test_kyc_submit" time="0.000"><skipped type="pytest.skip" message="No auth token available">/app/backend/tests/test_singularity_api_v2.py:244: No auth token available</skipped></testcase><testcase classname="backend.tests.test_singularity_api_v2.TestAuthenticatedEndpoints" name="test_kyc_status" time="0.000"><skipped type="pytest.skip" message="No auth token available">/app/backend/tests/test_singularity_api_v2.py:272: No auth token available</skipped></testcase><testcase classname="backend.tests.test_singularity_api_v2.TestAuthenticatedEndpoints" name="test_add_beneficiary" time="0.000"><skipped type="pytest.skip" message="No auth token available">/app/backend/tests/test_singularity_api_v2.py:288: No auth token available</skipped></testcase><testcase classname="backend.tests.test_singularity_api_v2.TestAuthenticatedEndpoints" name="test_get_beneficiaries" time="0.000"><skipped type="pytest.skip" message="No auth token available">/app/backend/tests/test_singularity_api_v2.py:312: No auth token available</skipped></testcase><testcase classname="backend.tests.test_singularity_api_v2.TestAuthenticatedEndpoints" name="test_add_to_watchlist" time="0.000"><skipped type="pytest.skip" message="No auth token available">/app/backend/tests/test_singularity_api_v2.py:328: No auth token available</skipped></testcase><testcase classname="backend.tests.test_singularity_api_v2.TestAuthenticatedEndpoints" name="test_get_watchlist" time="0.000"><skipped type="pytest.skip" message="No auth token available">/app/backend/tests/test_singularity_api_v2.py:350: No auth token available</skipped></testcase><testcase classname="backend.tests.test_singularity_api_v2.TestBotAPI" name="test_bot_chat_requires_auth" time="0.040" /></testsuite></testsuites>